Arguments: 
  /usr/bin/node-18 /usr/local/bin/yarn

PATH: 
  /home/caio/.asdf/shims:/home/caio/.asdf/bin:/home/caio/.local/bin:/home/caio/bin:/usr/local/bin:/usr/local/sbin:/usr/bin:/usr/sbin

Yarn version: 
  1.22.19

Node version: 
  18.14.2

Platform: 
  linux x64

Trace: 
  SyntaxError: /home/caio/Documentos/KENZIE/M6/Full-Stack-Challenge/package.json: Unexpected token } in JSON at position 281
      at JSON.parse (<anonymous>)
      at /usr/local/lib/node_modules/yarn/lib/cli.js:1629:59
      at Generator.next (<anonymous>)
      at step (/usr/local/lib/node_modules/yarn/lib/cli.js:310:30)
      at /usr/local/lib/node_modules/yarn/lib/cli.js:321:13

npm manifest: 
  {
    "name": "contatex",
    "version": "1.0.0",
    "main": "index.ts",
    "author": "Caio <alcarriacaio@gmail.com>",
    "license": "MIT",
    "scripts": {
      "dev": "ts-node-dev --ignore-watch node_modules src/server.ts",
      "build": "tsc",
      "typeorm": "typeorm-ts-node-commonjs",
    },
    "dependencies": {
      "bcryptjs": "^2.4.3",
      "dotenv": "^16.0.3",
      "express": "^4.18.2",
      "express-async-errors": "^3.1.1",
      "jsonwebtoken": "^9.0.0",
      "pg": "^8.9.0",
      "reflect-metadata": "^0.1.13",
      "typeorm": "0.3.10",
      "zod": "^3.20.6"
    },
    "devDependencies": {
      "@types/bcryptjs": "^2.4.2",
      "@types/express": "^4.17.17",
      "@types/jest": "^29.4.0",
      "@types/jsonwebtoken": "^9.0.1",
      "@types/node": "^18.14.0",
      "@types/pg": "^8.6.6",
      "@types/supertest": "^2.0.12",
      "jest": "^29.5.0",
      "sqlite3": "^5.1.4",
      "supertest": "^6.3.3",
      "ts-jest": "^29.0.5",
      "ts-node-dev": "^2.0.0",
      "typescript": "^4.9.5"
    }
  }

yarn manifest: 
  No manifest

Lockfile: 
  No lockfile
